faf01999816179fa2ad2f679e457df466a01048aaa5a71c5542cdf16cc1c7e96
66c8120218c4200ca6c93989dbd299c606688725dda66c5b40b1f01f3c481c39
41ba0d7bdbe85905e4a5fe357bb720cc85892ca3a58749264cc3a626574a6f94
6f058e5774de3c67c9e0e8e976ff8ee0fe7bb279d40e46d4b5781c1f98caf70c
38e08aaef8322db7c2d8413f57a5daef640176296e8f1ce83fd5126b87f61387
6c48d373ba96a80783a7a54b2ff7f98c670358008f700e8154fc0f09cddbd8a8
27c1307a1f9b7ebff7bd85ce1401b08e342c959d32b2b06c0570aa04d0f895a8
6ef07e67c65e3902039f05d63d787e00996a6aa037f4888ca2345bf483913f1d
57c8df97182bc2d091958bf9b6e770581fd59d3f97fa5f3a794c0467f7c4e61b
aaf6cb082bb890a86b1739479b86d57d7c7565c742b9f2121ab9ea504e7cbd25
61ae7da2a47a8cb60922cc639f5f77614f069aecfb2794672c093915e997a37a
b69f461ef0bcb74e67317f7086dfc9d5f2b90a63de9eacf74d39341696b27d8d
fd94835c78ad702e26ffb4885c48f68b4ba3875dd05056bc63bd961c7b65e864
def77a76dfb21c23d70b933555d691475f1413b06cbb7af8cbe68b0f2e65ac37
3f19cee96909b8b9bdd854dcce95bcde8b936450dc463d25398790e0ea716ec0
0b013062b1e223c9956aa4e6761c2e254b25722178729505620e4876d039453e
c99fcd2836975b674190474e3228c276830d6bb7ec6d7f29e907af318381d6ab
2fbcf5ef33aa7acfa0e588fccd447e383ad737f74a9a1980c9412cd6c9b56276
25dc22bffc330925eeefd3d2312bafba1eb4b216775635553faf7d5f9fa3492b
ddb072caf6539300170db43ede3f5a79366f87a7056dca2092b6b9a8b157080d
37603057fde93576824f7b0fbac8ebac78dcc1005f2cfb0e77e85a427ca60e4f
ad49a6d2d8bf9619f8c532b82390f47c992b96bc02b38dcfd7d74782f300ef41
f4ba07a3e20201d88b8bf3966bd6993df8853cfccf62506348da55fe4a4b840c
68dda6588e8a486401cb8955129a55c452b04fdcf31d2b1b85fc07ffe70742d0
docker: Error response from daemon: Conflict. The container name "/nagios4" is already in use by container "68dda6588e8a486401cb8955129a55c452b04fdcf31d2b1b85fc07ffe70742d0". You have to remove (or rename) that container to be able to reuse that name.
See 'docker run --help'.
ff5a7fdaca3a67c6de4578fb85e08911b672fa32cd1fb4e65954a080911d354b
b598c9ffb7ea6cdaf97b7c2318e085d157f8f9eb73473f27e01adc98be597035
65254f3f6a5e925f57c507641ed7ca9f62e8e1c126b393b46ef4f0a08f0b1bab
180a390a457dfa72e94dd84391ce4c461d8ad096257866347c7f188a65597dce
517536609ecb2d9e7832a9c7b48f8f514fdd78a025bbe3807eacf9fb13294f3d
5ade307570ca416e6c79f41ce4bac720db5037f45401fcf061a2afbcf3ade243
70a456e9f5c9cba093d0ecfe9a4e010a2cb60ad68fa9673a840b5188dbb693ca
264a51b9cc0e7a3f3da9625d26f28a8dbd256273366e9b6fa94b857781991bda
23e4eb49c2d3f72c56d473e19aa1c442e6ab8d5ee9f125e0c185889ca074e941
63e75d869700ce599086e52de6213efaa06f0c087e76d1eeb559a74a89f60ed1
cb522c404b8f6495382df88145b875b0281c935f37281bdf838316948f37b71a
1b1be65773ad71bdb8d9d6077349970456dbbffc7852390d5e82654efac32b98
4a031f8d7b54e1f70fbbc576a4f09c6530780cef4a6604f820c10178c6e85f60
ad50cc019f04ce4f6a0e612a9bda2a4cd64106b2927004fe7a4c2405b7462a1c
c3924ff5fec26e8be54a18626d4acd1c20d1ca9a01854571df4be35a6a0f2342
48fd64612dbce6753cbc94930cac0cbf9c287a0ec89c196ff3b08136a89543d1
337554cd5df49db2991aa7ccecd7d398896995432811bbdd7ca0379becbf4cab
bd6566c8f5c4cd174251dda0811bcb4a6955085d07296e3eff9c3f9ace47c6cf
b93344c4f3e44a180092c45c180c43f9c4e1841db8b952dc93e641c80e115af3
ddcaf19e253ddb3bb43994d89e55685b09db769c2393e0e9b2dd4e104d3f4b5c
d1e0525dd3ee0fc71e050f503fb273dcd89900f262185d3057b3db97182bea40
552dabf275f3c7c6dc9ee89453adc45fb96473130207fc88bbbab79fd71c4299
4d59ccb53aa67e04a77e90f88e0f567eb1e2a84f29b300ac64c663fd1e8ec2b0
074f0d05e0eb0642b9d9544390198811d861bbb4e054d746f93c22226c304318
5cc2d1c8aa1e6ab135bf42358fc6e3a4fe0bb1d6dc275e99999175a7811063a3
44030045863a49434af0cf206043b19acbbfef4ae7a8e2209419bd7096333b35
bd7322f55898f672eafec740afa3508c2ff55ae452d005ee1d4a60be2270f1d1
71f6242d323b1d6d22ac9dda36db4a2dbfa8c8402961534d6c2a702066e87128
1375c14268efd90d44f3eb766e99a849fb5a20aa79e94d9cd6966699c02dee98
da97074e3cd9e60e89c31b0f6240ec54948b6e45a15cf082bbf2083b79b864a2
223fcb305ebb24212a49449d68ed03e9598d83fc985d0e28acb501f9ff5bc6e4
baae47e06e574362fa86f466c773361154be76e983be1474b9598d610959c080
8e33950a4ec41f0f3184f49c5c4a7915b3d668ba59b22e5f4b5c223f28480bbe
2138060d774d740b6e14b7b5251aa2f18476da1ec4959bcc5aa5cb987321c168
108511f2d7e2e13e06f827ac7cfab54bb0342c7aff8cb0edc857f296d5045f9a
docker: Cannot connect to the Docker daemon at unix:///var/run/docker.sock. Is the docker daemon running?.
See 'docker run --help'.
docker: Cannot connect to the Docker daemon at unix:///var/run/docker.sock. Is the docker daemon running?.
See 'docker run --help'.
docker: Cannot connect to the Docker daemon at unix:///var/run/docker.sock. Is the docker daemon running?.
See 'docker run --help'.
b004b72a854f75c0488d78a0c52d891f12fb4caf18f900df0a3f4cb58a0dc201
Unable to find image 'redisdemo:latest' locally
docker: Error response from daemon: Conflict. The container name "/web_demo" is already in use by container "b004b72a854f75c0488d78a0c52d891f12fb4caf18f900df0a3f4cb58a0dc201". You have to remove (or rename) that container to be able to reuse that name.
See 'docker run --help'.
Unable to find image 'redisdemo:latest' locally
docker: Error response from daemon: Conflict. The container name "/web_demo" is already in use by container "b004b72a854f75c0488d78a0c52d891f12fb4caf18f900df0a3f4cb58a0dc201". You have to remove (or rename) that container to be able to reuse that name.
See 'docker run --help'.
378e53519852ade78f41d7f418b10cd4ed52e0589f41ec53affbad94ac149b3a
3bab9397c1784423b8f6dc1cc0ed535fa479e818f4db74d67bbe10dd9ed51488
4a3af3d67599f4831678c00b20686170f4e97cf3a01546d704979f3b97b0baf6
57ffc6cf3beb71cfdc091a8a1cf523d95fcacd246c28effe723089580c2c26bd
f1671afbbf765f226e6e1ca1de99ba2fbde3b4317652066596bf5154e21cefa6
f21e354eb3121f6d35a84821d723c712dbfba8e870d3b50f49aca182c5c4bf68
f6d1ef55981a85c27a0e18c50f76c0eaf51448bd1b34723ef59571ac6a3585db
50e40bd809cedea38d0188d4a4f55366359e58e1418630145e02c9531f1f4ce9
docker: Error response from daemon: Conflict. The container name "/web_demo" is already in use by container "f21e354eb3121f6d35a84821d723c712dbfba8e870d3b50f49aca182c5c4bf68". You have to remove (or rename) that container to be able to reuse that name.
See 'docker run --help'.
docker: Error response from daemon: Conflict. The container name "/redis_demo" is already in use by container "f6d1ef55981a85c27a0e18c50f76c0eaf51448bd1b34723ef59571ac6a3585db". You have to remove (or rename) that container to be able to reuse that name.
See 'docker run --help'.
docker: Error response from daemon: Conflict. The container name "/customapp_demo" is already in use by container "50e40bd809cedea38d0188d4a4f55366359e58e1418630145e02c9531f1f4ce9". You have to remove (or rename) that container to be able to reuse that name.
See 'docker run --help'.
8aa4c843468975341214430fd3826fb733a28cf1262aa4462b3aa7256abb356a
16f6085e41eff9292bce87884724760fbcf2a0c0814f6d8353cdc071c8a4d6b3
acbfcb14ffbb849dc88013d0ae44244f44fdd7003e17752f843ab5f6cb768e2b
55b442bdfc3d9d5c7388eb037b44a6c8fe20339efe97413e01fbdbb679581a97
82de0be91d936df76db05724764e27c50ddf58362fbb5934bf8caf9353f17f9c
cea575fbf8833b98d835fdbb4237b03fc12e2aa89e7ea58ef12a2fca72285c1f
1e2693d4fe3267d07871adae1fb8e07bc06ebc25225524248e914fbdd3de4ff4
1640b9ea99da814f14060e2b809ef938e64c9641847bafab6680ac5771d6f3d2
c7e4097e06b2b6b0a7400bc64f0722a79d0aafd24a947bca129b511069b6cf3b
9c1847f82343bb06a48444acb88bb6169065aeaa27e90364d3c89fd0fb3a8c74
docker: Error response from daemon: Conflict. The container name "/web_demo" is already in use by container "1e2693d4fe3267d07871adae1fb8e07bc06ebc25225524248e914fbdd3de4ff4". You have to remove (or rename) that container to be able to reuse that name.
See 'docker run --help'.
docker: Error response from daemon: Conflict. The container name "/redis_demo" is already in use by container "1640b9ea99da814f14060e2b809ef938e64c9641847bafab6680ac5771d6f3d2". You have to remove (or rename) that container to be able to reuse that name.
See 'docker run --help'.
docker: Error response from daemon: Conflict. The container name "/customapp_demo" is already in use by container "c7e4097e06b2b6b0a7400bc64f0722a79d0aafd24a947bca129b511069b6cf3b". You have to remove (or rename) that container to be able to reuse that name.
See 'docker run --help'.
227e3cc918ad72cb70985cd566655228fd31b6aa833d302c857ffad24b11a65b
39f4a804dc6de007e3dbe9c2d1dddd21f15d053796aeb1c1943e39458dba7e11
5a25f81b71008ffa98fc43696c70cc94cff53e52fc50f2a01dfa303759989adf
209b0c9161ed38fe3353500b255b8af271325fee980bb2131c1d48f430f69275
404cb6a855f4630c18b352e57d00f176e27fef8bee84a062a398e63888e20757
