This file contains any messages produced by compilers while
running configure, to aid debugging if configure makes a mistake.

It was created by almond configure 0.4.1, which was
generated by GNU Autoconf 2.71.  Invocation command line was

  $ ./configure --prefix=/opt/almond

## --------- ##
## Platform. ##
## --------- ##

hostname = cd73e62b269a
uname -m = x86_64
uname -r = 5.15.96-0-virt
uname -s = Linux
uname -v = #1-Alpine SMP Sun, 26 Feb 2023 15:14:12 +0000

/usr/bin/uname -p = x86_64
/bin/uname -X     = unknown

/bin/arch              = x86_64
/usr/bin/arch -k       = unknown
/usr/convex/getsysinfo = unknown
/usr/bin/hostinfo      = unknown
/bin/machine           = unknown
/usr/bin/oslevel       = unknown
/bin/universe          = unknown

PATH: /usr/local/sbin/
PATH: /usr/local/bin/
PATH: /usr/sbin/
PATH: /usr/bin/
PATH: /sbin/
PATH: /bin/


## ----------- ##
## Core tests. ##
## ----------- ##

configure:2529: looking for aux files: config.guess config.sub compile missing install-sh
configure:2542:  trying ./
configure:2571:   ./config.guess found
configure:2571:   ./config.sub found
configure:2571:   ./compile found
configure:2571:   ./missing found
configure:2553:   ./install-sh found
configure:2700: checking for a BSD-compatible install
configure:2773: result: /usr/bin/install -c
configure:2784: checking whether build environment is sane
configure:2839: result: yes
configure:2998: checking for a race-free mkdir -p
configure:3042: result: /usr/bin/mkdir -p
configure:3049: checking for gawk
configure:3084: result: no
configure:3049: checking for mawk
configure:3070: found /usr/bin/mawk
configure:3081: result: mawk
configure:3092: checking whether make sets $(MAKE)
configure:3115: result: yes
configure:3145: checking whether make supports nested variables
configure:3163: result: yes
configure:3361: checking for gcc
configure:3382: found /usr/bin/gcc
configure:3393: result: gcc
configure:3746: checking for C compiler version
configure:3755: gcc --version >&5
gcc (Ubuntu 11.3.0-1ubuntu1~22.04) 11.3.0
Copyright (C) 2021 Free Software Foundation, Inc.
This is free software; see the source for copying conditions.  There is NO
warranty; not even for MERCHANTABILITY or FITNESS FOR A PARTICULAR PURPOSE.

configure:3766: $? = 0
configure:3755: gcc -v >&5
Using built-in specs.
COLLECT_GCC=gcc
COLLECT_LTO_WRAPPER=/usr/lib/gcc/x86_64-linux-gnu/11/lto-wrapper
OFFLOAD_TARGET_NAMES=nvptx-none:amdgcn-amdhsa
OFFLOAD_TARGET_DEFAULT=1
Target: x86_64-linux-gnu
Configured with: ../src/configure -v --with-pkgversion='Ubuntu 11.3.0-1ubuntu1~22.04' --with-bugurl=file:///usr/share/doc/gcc-11/README.Bugs --enable-languages=c,ada,c++,go,brig,d,fortran,objc,obj-c++,m2 --prefix=/usr --with-gcc-major-version-only --program-suffix=-11 --program-prefix=x86_64-linux-gnu- --enable-shared --enable-linker-build-id --libexecdir=/usr/lib --without-included-gettext --enable-threads=posix --libdir=/usr/lib --enable-nls --enable-bootstrap --enable-clocale=gnu --enable-libstdcxx-debug --enable-libstdcxx-time=yes --with-default-libstdcxx-abi=new --enable-gnu-unique-object --disable-vtable-verify --enable-plugin --enable-default-pie --with-system-zlib --enable-libphobos-checking=release --with-target-system-zlib=auto --enable-objc-gc=auto --enable-multiarch --disable-werror --enable-cet --with-arch-32=i686 --with-abi=m64 --with-multilib-list=m32,m64,mx32 --enable-multilib --with-tune=generic --enable-offload-targets=nvptx-none=/build/gcc-11-xKiWfi/gcc-11-11.3.0/debian/tmp-nvptx/usr,amdgcn-amdhsa=/build/gcc-11-xKiWfi/gcc-11-11.3.0/debian/tmp-gcn/usr --without-cuda-driver --enable-checking=release --build=x86_64-linux-gnu --host=x86_64-linux-gnu --target=x86_64-linux-gnu --with-build-config=bootstrap-lto-lean --enable-link-serialization=2
Thread model: posix
Supported LTO compression algorithms: zlib zstd
gcc version 11.3.0 (Ubuntu 11.3.0-1ubuntu1~22.04) 
... rest of stderr output deleted ...
configure:3766: $? = 0
configure:3755: gcc -V >&5
gcc: error: unrecognized command-line option '-V'
gcc: fatal error: no input files
compilation terminated.
configure:3766: $? = 1
configure:3755: gcc -qversion >&5
gcc: error: unrecognized command-line option '-qversion'; did you mean '--version'?
gcc: fatal error: no input files
compilation terminated.
configure:3766: $? = 1
configure:3755: gcc -version >&5
gcc: error: unrecognized command-line option '-version'
gcc: fatal error: no input files
compilation terminated.
configure:3766: $? = 1
configure:3786: checking whether the C compiler works
configure:3808: gcc    conftest.c  >&5
configure:3812: $? = 0
configure:3862: result: yes
configure:3865: checking for C compiler default output file name
configure:3867: result: a.out
configure:3873: checking for suffix of executables
configure:3880: gcc -o conftest    conftest.c  >&5
configure:3884: $? = 0
configure:3907: result: 
configure:3929: checking whether we are cross compiling
configure:3937: gcc -o conftest    conftest.c  >&5
configure:3941: $? = 0
configure:3948: ./conftest
configure:3952: $? = 0
configure:3967: result: no
configure:3972: checking for suffix of object files
configure:3995: gcc -c   conftest.c >&5
configure:3999: $? = 0
configure:4021: result: o
configure:4025: checking whether the compiler supports GNU C
configure:4045: gcc -c   conftest.c >&5
configure:4045: $? = 0
configure:4055: result: yes
configure:4066: checking whether gcc accepts -g
configure:4087: gcc -c -g  conftest.c >&5
configure:4087: $? = 0
configure:4131: result: yes
configure:4151: checking for gcc option to enable C11 features
configure:4166: gcc  -c -g -O2  conftest.c >&5
configure:4166: $? = 0
configure:4184: result: none needed
configure:4300: checking whether gcc understands -c and -o together
configure:4323: gcc -c conftest.c -o conftest2.o
configure:4326: $? = 0
configure:4323: gcc -c conftest.c -o conftest2.o
configure:4326: $? = 0
configure:4338: result: yes
configure:4358: checking whether make supports the include directive
configure:4373: make -f confmf.GNU && cat confinc.out
this is the am__doit target
configure:4376: $? = 0
configure:4395: result: yes (GNU style)
configure:4421: checking dependency style of gcc
configure:4533: result: gcc3
configure:4556: checking for dirent.h that defines DIR
configure:4576: gcc -c -g -O2  conftest.c >&5
configure:4576: $? = 0
configure:4585: result: yes
configure:4599: checking for library containing opendir
configure:4629: gcc -o conftest -g -O2   conftest.c  >&5
configure:4629: $? = 0
configure:4649: result: none required
configure:4720: checking for sys/wait.h that is POSIX.1 compatible
configure:4747: gcc -c -g -O2  conftest.c >&5
configure:4747: $? = 0
configure:4755: result: yes
configure:4767: checking for stdio.h
configure:4767: gcc -c -g -O2  conftest.c >&5
configure:4767: $? = 0
configure:4767: result: yes
configure:4767: checking for stdlib.h
configure:4767: gcc -c -g -O2  conftest.c >&5
configure:4767: $? = 0
configure:4767: result: yes
configure:4767: checking for string.h
configure:4767: gcc -c -g -O2  conftest.c >&5
configure:4767: $? = 0
configure:4767: result: yes
configure:4767: checking for inttypes.h
configure:4767: gcc -c -g -O2  conftest.c >&5
configure:4767: $? = 0
configure:4767: result: yes
configure:4767: checking for stdint.h
configure:4767: gcc -c -g -O2  conftest.c >&5
configure:4767: $? = 0
configure:4767: result: yes
configure:4767: checking for strings.h
configure:4767: gcc -c -g -O2  conftest.c >&5
configure:4767: $? = 0
configure:4767: result: yes
configure:4767: checking for sys/stat.h
configure:4767: gcc -c -g -O2  conftest.c >&5
configure:4767: $? = 0
configure:4767: result: yes
configure:4767: checking for sys/types.h
configure:4767: gcc -c -g -O2  conftest.c >&5
configure:4767: $? = 0
configure:4767: result: yes
configure:4767: checking for unistd.h
configure:4767: gcc -c -g -O2  conftest.c >&5
configure:4767: $? = 0
configure:4767: result: yes
configure:4792: checking for arpa/inet.h
configure:4792: gcc -c -g -O2  conftest.c >&5
configure:4792: $? = 0
configure:4792: result: yes
configure:4798: checking for sys/socket.h
configure:4798: gcc -c -g -O2  conftest.c >&5
configure:4798: $? = 0
configure:4798: result: yes
configure:4804: checking for sys/types.h
configure:4804: result: yes
configure:4810: checking for sys/stat.h
configure:4810: result: yes
configure:4816: checking for math.h
configure:4816: gcc -c -g -O2  conftest.c >&5
configure:4816: $? = 0
configure:4816: result: yes
configure:4822: checking for signal.h
configure:4822: gcc -c -g -O2  conftest.c >&5
configure:4822: $? = 0
configure:4822: result: yes
configure:4828: checking for pthread.h
configure:4828: gcc -c -g -O2  conftest.c >&5
configure:4828: $? = 0
configure:4828: result: yes
configure:4834: checking for time.h
configure:4834: gcc -c -g -O2  conftest.c >&5
configure:4834: $? = 0
configure:4834: result: yes
configure:4840: checking for netdb.h
configure:4840: gcc -c -g -O2  conftest.c >&5
configure:4840: $? = 0
configure:4840: result: yes
configure:4846: checking for unistd.h
configure:4846: result: yes
configure:4852: checking for ctype.h
configure:4852: gcc -c -g -O2  conftest.c >&5
configure:4852: $? = 0
configure:4852: result: yes
configure:4858: checking for string.h
configure:4858: result: yes
configure:4864: checking for errno.h
configure:4864: gcc -c -g -O2  conftest.c >&5
configure:4864: $? = 0
configure:4864: result: yes
configure:4870: checking for dirent.h
configure:4870: gcc -c -g -O2  conftest.c >&5
configure:4870: $? = 0
configure:4870: result: yes
configure:4876: checking for stdlib.h
configure:4876: result: yes
configure:4882: checking for stdio.h
configure:4882: result: yes
configure:4888: checking for json-c/json.h
configure:4888: gcc -c -g -O2  conftest.c >&5
configure:4888: $? = 0
configure:4888: result: yes
configure:4897: checking for _Bool
configure:4897: gcc -c -g -O2  conftest.c >&5
configure:4897: $? = 0
configure:4897: gcc -c -g -O2  conftest.c >&5
conftest.c: In function 'main':
conftest.c:71:20: error: expected expression before ')' token
   71 | if (sizeof ((_Bool)))
      |                    ^
configure:4897: $? = 1
configure: failed program was:
| /* confdefs.h */
| #define PACKAGE_NAME "almond"
| #define PACKAGE_TARNAME "almond"
| #define PACKAGE_VERSION "0.4.1"
| #define PACKAGE_STRING "almond 0.4.1"
| #define PACKAGE_BUGREPORT "andreas72.lindell@gmail.com"
| #define PACKAGE_URL ""
| #define PACKAGE "almond"
| #define VERSION "0.4.1"
| #define HAVE_DIRENT_H 1
| #define HAVE_SYS_WAIT_H 1
| #define HAVE_STDIO_H 1
| #define HAVE_STDLIB_H 1
| #define HAVE_STRING_H 1
| #define HAVE_INTTYPES_H 1
| #define HAVE_STDINT_H 1
| #define HAVE_STRINGS_H 1
| #define HAVE_SYS_STAT_H 1
| #define HAVE_SYS_TYPES_H 1
| #define HAVE_UNISTD_H 1
| #define STDC_HEADERS 1
| #define HAVE_ARPA_INET_H 1
| #define HAVE_SYS_SOCKET_H 1
| #define HAVE_SYS_TYPES_H 1
| #define HAVE_SYS_STAT_H 1
| #define HAVE_MATH_H 1
| #define HAVE_SIGNAL_H 1
| #define HAVE_PTHREAD_H 1
| #define HAVE_TIME_H 1
| #define HAVE_NETDB_H 1
| #define HAVE_UNISTD_H 1
| #define HAVE_CTYPE_H 1
| #define HAVE_STRING_H 1
| #define HAVE_ERRNO_H 1
| #define HAVE_DIRENT_H 1
| #define HAVE_STDLIB_H 1
| #define HAVE_STDIO_H 1
| #define HAVE_JSON_C_JSON_H 1
| /* end confdefs.h.  */
| #include <stddef.h>
| #ifdef HAVE_STDIO_H
| # include <stdio.h>
| #endif
| #ifdef HAVE_STDLIB_H
| # include <stdlib.h>
| #endif
| #ifdef HAVE_STRING_H
| # include <string.h>
| #endif
| #ifdef HAVE_INTTYPES_H
| # include <inttypes.h>
| #endif
| #ifdef HAVE_STDINT_H
| # include <stdint.h>
| #endif
| #ifdef HAVE_STRINGS_H
| # include <strings.h>
| #endif
| #ifdef HAVE_SYS_TYPES_H
| # include <sys/types.h>
| #endif
| #ifdef HAVE_SYS_STAT_H
| # include <sys/stat.h>
| #endif
| #ifdef HAVE_UNISTD_H
| # include <unistd.h>
| #endif
| int
| main (void)
| {
| if (sizeof ((_Bool)))
| 	    return 0;
|   ;
|   return 0;
| }
configure:4897: result: yes
configure:4906: checking for stdbool.h that conforms to C99
configure:5022: gcc -c -g -O2  conftest.c >&5
configure:5022: $? = 0
configure:5030: result: yes
configure:5039: checking for an ANSI C-conforming const
configure:5106: gcc -c -g -O2  conftest.c >&5
configure:5106: $? = 0
configure:5114: result: yes
configure:5122: checking for inline
configure:5139: gcc -c -g -O2  conftest.c >&5
configure:5139: $? = 0
configure:5148: result: inline
configure:5166: checking for int32_t
configure:5166: gcc -c -g -O2  conftest.c >&5
configure:5166: $? = 0
configure:5166: gcc -c -g -O2  conftest.c >&5
conftest.c: In function 'main':
conftest.c:75:67: warning: integer overflow in expression of type 'int' results in '-2147483648' [-Woverflow]
   75 |                  < (int32_t) (((((int32_t) 1 << N) << N) - 1) * 2 + 2))];
      |                                                                   ^
conftest.c:74:12: error: storage size of 'test_array' isn't constant
   74 | static int test_array [1 - 2 * !((int32_t) (((((int32_t) 1 << N) << N) - 1) * 2 + 1)
      |            ^~~~~~~~~~
configure:5166: $? = 1
configure: failed program was:
| /* confdefs.h */
| #define PACKAGE_NAME "almond"
| #define PACKAGE_TARNAME "almond"
| #define PACKAGE_VERSION "0.4.1"
| #define PACKAGE_STRING "almond 0.4.1"
| #define PACKAGE_BUGREPORT "andreas72.lindell@gmail.com"
| #define PACKAGE_URL ""
| #define PACKAGE "almond"
| #define VERSION "0.4.1"
| #define HAVE_DIRENT_H 1
| #define HAVE_SYS_WAIT_H 1
| #define HAVE_STDIO_H 1
| #define HAVE_STDLIB_H 1
| #define HAVE_STRING_H 1
| #define HAVE_INTTYPES_H 1
| #define HAVE_STDINT_H 1
| #define HAVE_STRINGS_H 1
| #define HAVE_SYS_STAT_H 1
| #define HAVE_SYS_TYPES_H 1
| #define HAVE_UNISTD_H 1
| #define STDC_HEADERS 1
| #define HAVE_ARPA_INET_H 1
| #define HAVE_SYS_SOCKET_H 1
| #define HAVE_SYS_TYPES_H 1
| #define HAVE_SYS_STAT_H 1
| #define HAVE_MATH_H 1
| #define HAVE_SIGNAL_H 1
| #define HAVE_PTHREAD_H 1
| #define HAVE_TIME_H 1
| #define HAVE_NETDB_H 1
| #define HAVE_UNISTD_H 1
| #define HAVE_CTYPE_H 1
| #define HAVE_STRING_H 1
| #define HAVE_ERRNO_H 1
| #define HAVE_DIRENT_H 1
| #define HAVE_STDLIB_H 1
| #define HAVE_STDIO_H 1
| #define HAVE_JSON_C_JSON_H 1
| #define HAVE__BOOL 1
| #define HAVE_STDBOOL_H 1
| /* end confdefs.h.  */
| #include <stddef.h>
| #ifdef HAVE_STDIO_H
| # include <stdio.h>
| #endif
| #ifdef HAVE_STDLIB_H
| # include <stdlib.h>
| #endif
| #ifdef HAVE_STRING_H
| # include <string.h>
| #endif
| #ifdef HAVE_INTTYPES_H
| # include <inttypes.h>
| #endif
| #ifdef HAVE_STDINT_H
| # include <stdint.h>
| #endif
| #ifdef HAVE_STRINGS_H
| # include <strings.h>
| #endif
| #ifdef HAVE_SYS_TYPES_H
| # include <sys/types.h>
| #endif
| #ifdef HAVE_SYS_STAT_H
| # include <sys/stat.h>
| #endif
| #ifdef HAVE_UNISTD_H
| # include <unistd.h>
| #endif
| 	        enum { N = 32 / 2 - 1 };
| int
| main (void)
| {
| static int test_array [1 - 2 * !((int32_t) (((((int32_t) 1 << N) << N) - 1) * 2 + 1)
| 		 < (int32_t) (((((int32_t) 1 << N) << N) - 1) * 2 + 2))];
| test_array [0] = 0;
| return test_array [0];
| 
|   ;
|   return 0;
| }
configure:5166: result: yes
configure:5175: checking for int64_t
configure:5175: gcc -c -g -O2  conftest.c >&5
configure:5175: $? = 0
configure:5175: gcc -c -g -O2  conftest.c >&5
conftest.c: In function 'main':
conftest.c:75:67: warning: integer overflow in expression of type 'long int' results in '-9223372036854775808' [-Woverflow]
   75 |                  < (int64_t) (((((int64_t) 1 << N) << N) - 1) * 2 + 2))];
      |                                                                   ^
conftest.c:74:12: error: storage size of 'test_array' isn't constant
   74 | static int test_array [1 - 2 * !((int64_t) (((((int64_t) 1 << N) << N) - 1) * 2 + 1)
      |            ^~~~~~~~~~
configure:5175: $? = 1
configure: failed program was:
| /* confdefs.h */
| #define PACKAGE_NAME "almond"
| #define PACKAGE_TARNAME "almond"
| #define PACKAGE_VERSION "0.4.1"
| #define PACKAGE_STRING "almond 0.4.1"
| #define PACKAGE_BUGREPORT "andreas72.lindell@gmail.com"
| #define PACKAGE_URL ""
| #define PACKAGE "almond"
| #define VERSION "0.4.1"
| #define HAVE_DIRENT_H 1
| #define HAVE_SYS_WAIT_H 1
| #define HAVE_STDIO_H 1
| #define HAVE_STDLIB_H 1
| #define HAVE_STRING_H 1
| #define HAVE_INTTYPES_H 1
| #define HAVE_STDINT_H 1
| #define HAVE_STRINGS_H 1
| #define HAVE_SYS_STAT_H 1
| #define HAVE_SYS_TYPES_H 1
| #define HAVE_UNISTD_H 1
| #define STDC_HEADERS 1
| #define HAVE_ARPA_INET_H 1
| #define HAVE_SYS_SOCKET_H 1
| #define HAVE_SYS_TYPES_H 1
| #define HAVE_SYS_STAT_H 1
| #define HAVE_MATH_H 1
| #define HAVE_SIGNAL_H 1
| #define HAVE_PTHREAD_H 1
| #define HAVE_TIME_H 1
| #define HAVE_NETDB_H 1
| #define HAVE_UNISTD_H 1
| #define HAVE_CTYPE_H 1
| #define HAVE_STRING_H 1
| #define HAVE_ERRNO_H 1
| #define HAVE_DIRENT_H 1
| #define HAVE_STDLIB_H 1
| #define HAVE_STDIO_H 1
| #define HAVE_JSON_C_JSON_H 1
| #define HAVE__BOOL 1
| #define HAVE_STDBOOL_H 1
| /* end confdefs.h.  */
| #include <stddef.h>
| #ifdef HAVE_STDIO_H
| # include <stdio.h>
| #endif
| #ifdef HAVE_STDLIB_H
| # include <stdlib.h>
| #endif
| #ifdef HAVE_STRING_H
| # include <string.h>
| #endif
| #ifdef HAVE_INTTYPES_H
| # include <inttypes.h>
| #endif
| #ifdef HAVE_STDINT_H
| # include <stdint.h>
| #endif
| #ifdef HAVE_STRINGS_H
| # include <strings.h>
| #endif
| #ifdef HAVE_SYS_TYPES_H
| # include <sys/types.h>
| #endif
| #ifdef HAVE_SYS_STAT_H
| # include <sys/stat.h>
| #endif
| #ifdef HAVE_UNISTD_H
| # include <unistd.h>
| #endif
| 	        enum { N = 64 / 2 - 1 };
| int
| main (void)
| {
| static int test_array [1 - 2 * !((int64_t) (((((int64_t) 1 << N) << N) - 1) * 2 + 1)
| 		 < (int64_t) (((((int64_t) 1 << N) << N) - 1) * 2 + 2))];
| test_array [0] = 0;
| return test_array [0];
| 
|   ;
|   return 0;
| }
configure:5175: result: yes
configure:5184: checking for size_t
configure:5184: gcc -c -g -O2  conftest.c >&5
configure:5184: $? = 0
configure:5184: gcc -c -g -O2  conftest.c >&5
conftest.c: In function 'main':
conftest.c:73:21: error: expected expression before ')' token
   73 | if (sizeof ((size_t)))
      |                     ^
configure:5184: $? = 1
configure: failed program was:
| /* confdefs.h */
| #define PACKAGE_NAME "almond"
| #define PACKAGE_TARNAME "almond"
| #define PACKAGE_VERSION "0.4.1"
| #define PACKAGE_STRING "almond 0.4.1"
| #define PACKAGE_BUGREPORT "andreas72.lindell@gmail.com"
| #define PACKAGE_URL ""
| #define PACKAGE "almond"
| #define VERSION "0.4.1"
| #define HAVE_DIRENT_H 1
| #define HAVE_SYS_WAIT_H 1
| #define HAVE_STDIO_H 1
| #define HAVE_STDLIB_H 1
| #define HAVE_STRING_H 1
| #define HAVE_INTTYPES_H 1
| #define HAVE_STDINT_H 1
| #define HAVE_STRINGS_H 1
| #define HAVE_SYS_STAT_H 1
| #define HAVE_SYS_TYPES_H 1
| #define HAVE_UNISTD_H 1
| #define STDC_HEADERS 1
| #define HAVE_ARPA_INET_H 1
| #define HAVE_SYS_SOCKET_H 1
| #define HAVE_SYS_TYPES_H 1
| #define HAVE_SYS_STAT_H 1
| #define HAVE_MATH_H 1
| #define HAVE_SIGNAL_H 1
| #define HAVE_PTHREAD_H 1
| #define HAVE_TIME_H 1
| #define HAVE_NETDB_H 1
| #define HAVE_UNISTD_H 1
| #define HAVE_CTYPE_H 1
| #define HAVE_STRING_H 1
| #define HAVE_ERRNO_H 1
| #define HAVE_DIRENT_H 1
| #define HAVE_STDLIB_H 1
| #define HAVE_STDIO_H 1
| #define HAVE_JSON_C_JSON_H 1
| #define HAVE__BOOL 1
| #define HAVE_STDBOOL_H 1
| /* end confdefs.h.  */
| #include <stddef.h>
| #ifdef HAVE_STDIO_H
| # include <stdio.h>
| #endif
| #ifdef HAVE_STDLIB_H
| # include <stdlib.h>
| #endif
| #ifdef HAVE_STRING_H
| # include <string.h>
| #endif
| #ifdef HAVE_INTTYPES_H
| # include <inttypes.h>
| #endif
| #ifdef HAVE_STDINT_H
| # include <stdint.h>
| #endif
| #ifdef HAVE_STRINGS_H
| # include <strings.h>
| #endif
| #ifdef HAVE_SYS_TYPES_H
| # include <sys/types.h>
| #endif
| #ifdef HAVE_SYS_STAT_H
| # include <sys/stat.h>
| #endif
| #ifdef HAVE_UNISTD_H
| # include <unistd.h>
| #endif
| int
| main (void)
| {
| if (sizeof ((size_t)))
| 	    return 0;
|   ;
|   return 0;
| }
configure:5184: result: yes
configure:5194: checking for ssize_t
configure:5194: gcc -c -g -O2  conftest.c >&5
configure:5194: $? = 0
configure:5194: gcc -c -g -O2  conftest.c >&5
conftest.c: In function 'main':
conftest.c:73:22: error: expected expression before ')' token
   73 | if (sizeof ((ssize_t)))
      |                      ^
configure:5194: $? = 1
configure: failed program was:
| /* confdefs.h */
| #define PACKAGE_NAME "almond"
| #define PACKAGE_TARNAME "almond"
| #define PACKAGE_VERSION "0.4.1"
| #define PACKAGE_STRING "almond 0.4.1"
| #define PACKAGE_BUGREPORT "andreas72.lindell@gmail.com"
| #define PACKAGE_URL ""
| #define PACKAGE "almond"
| #define VERSION "0.4.1"
| #define HAVE_DIRENT_H 1
| #define HAVE_SYS_WAIT_H 1
| #define HAVE_STDIO_H 1
| #define HAVE_STDLIB_H 1
| #define HAVE_STRING_H 1
| #define HAVE_INTTYPES_H 1
| #define HAVE_STDINT_H 1
| #define HAVE_STRINGS_H 1
| #define HAVE_SYS_STAT_H 1
| #define HAVE_SYS_TYPES_H 1
| #define HAVE_UNISTD_H 1
| #define STDC_HEADERS 1
| #define HAVE_ARPA_INET_H 1
| #define HAVE_SYS_SOCKET_H 1
| #define HAVE_SYS_TYPES_H 1
| #define HAVE_SYS_STAT_H 1
| #define HAVE_MATH_H 1
| #define HAVE_SIGNAL_H 1
| #define HAVE_PTHREAD_H 1
| #define HAVE_TIME_H 1
| #define HAVE_NETDB_H 1
| #define HAVE_UNISTD_H 1
| #define HAVE_CTYPE_H 1
| #define HAVE_STRING_H 1
| #define HAVE_ERRNO_H 1
| #define HAVE_DIRENT_H 1
| #define HAVE_STDLIB_H 1
| #define HAVE_STDIO_H 1
| #define HAVE_JSON_C_JSON_H 1
| #define HAVE__BOOL 1
| #define HAVE_STDBOOL_H 1
| /* end confdefs.h.  */
| #include <stddef.h>
| #ifdef HAVE_STDIO_H
| # include <stdio.h>
| #endif
| #ifdef HAVE_STDLIB_H
| # include <stdlib.h>
| #endif
| #ifdef HAVE_STRING_H
| # include <string.h>
| #endif
| #ifdef HAVE_INTTYPES_H
| # include <inttypes.h>
| #endif
| #ifdef HAVE_STDINT_H
| # include <stdint.h>
| #endif
| #ifdef HAVE_STRINGS_H
| # include <strings.h>
| #endif
| #ifdef HAVE_SYS_TYPES_H
| # include <sys/types.h>
| #endif
| #ifdef HAVE_SYS_STAT_H
| # include <sys/stat.h>
| #endif
| #ifdef HAVE_UNISTD_H
| # include <unistd.h>
| #endif
| int
| main (void)
| {
| if (sizeof ((ssize_t)))
| 	    return 0;
|   ;
|   return 0;
| }
configure:5194: result: yes
configure:5204: checking for uint32_t
configure:5204: gcc -c -g -O2  conftest.c >&5
configure:5204: $? = 0
configure:5204: result: yes
configure:5216: checking for uint64_t
configure:5216: gcc -c -g -O2  conftest.c >&5
configure:5216: $? = 0
configure:5216: result: yes
configure:5236: checking build system type
configure:5251: result: x86_64-pc-linux-gnu
configure:5271: checking host system type
configure:5285: result: x86_64-pc-linux-gnu
configure:5305: checking for GNU libc compatible malloc
configure:5337: gcc -o conftest -g -O2   conftest.c  >&5
configure:5337: $? = 0
configure:5337: ./conftest
configure:5337: $? = 0
configure:5348: result: yes
configure:5370: checking for GNU libc compatible realloc
configure:5402: gcc -o conftest -g -O2   conftest.c  >&5
configure:5402: $? = 0
configure:5402: ./conftest
configure:5402: $? = 0
configure:5413: result: yes
configure:5435: checking whether lstat correctly handles trailing slash
configure:5468: gcc -o conftest -g -O2   conftest.c  >&5
configure:5468: $? = 0
configure:5468: ./conftest
configure:5468: $? = 0
configure:5486: result: yes
configure:5503: checking whether stat accepts an empty string
configure:5525: gcc -o conftest -g -O2   conftest.c  >&5
configure:5525: $? = 0
configure:5525: ./conftest
configure:5525: $? = 0
configure:5536: result: no
configure:5550: checking for memmove
configure:5550: gcc -o conftest -g -O2   conftest.c  >&5
conftest.c:61:6: warning: conflicting types for built-in function 'memmove'; expected 'void *(void *, const void *, long unsigned int)' [-Wbuiltin-declaration-mismatch]
   61 | char memmove ();
      |      ^~~~~~~
conftest.c:53:1: note: 'memmove' is declared in header '<string.h>'
   52 | #include <limits.h>
   53 | #undef memmove
configure:5550: $? = 0
configure:5550: result: yes
configure:5698: checking that generated files are newer than configure
configure:5704: result: done
configure:5727: creating ./config.status

## ---------------------- ##
## Running config.status. ##
## ---------------------- ##

This file was extended by almond config.status 0.4.1, which was
generated by GNU Autoconf 2.71.  Invocation command line was

  CONFIG_FILES    = 
  CONFIG_HEADERS  = 
  CONFIG_LINKS    = 
  CONFIG_COMMANDS = 
  $ ./config.status 

on cd73e62b269a

config.status:781: creating Makefile
config.status:953: executing depfiles commands
config.status:1030: cd .       && sed -e '/# am--include-marker/d' Makefile         | make -f - am--depfiles
make: Nothing to be done for 'am--depfiles'.
config.status:1035: $? = 0

## ---------------- ##
## Cache variables. ##
## ---------------- ##

ac_cv_build=x86_64-pc-linux-gnu
ac_cv_c_compiler_gnu=yes
ac_cv_c_const=yes
ac_cv_c_inline=inline
ac_cv_c_int32_t=yes
ac_cv_c_int64_t=yes
ac_cv_c_uint32_t=yes
ac_cv_c_uint64_t=yes
ac_cv_env_CC_set=
ac_cv_env_CC_value=
ac_cv_env_CFLAGS_set=
ac_cv_env_CFLAGS_value=
ac_cv_env_CPPFLAGS_set=
ac_cv_env_CPPFLAGS_value=
ac_cv_env_LDFLAGS_set=
ac_cv_env_LDFLAGS_value=
ac_cv_env_LIBS_set=
ac_cv_env_LIBS_value=
ac_cv_env_build_alias_set=
ac_cv_env_build_alias_value=
ac_cv_env_host_alias_set=
ac_cv_env_host_alias_value=
ac_cv_env_target_alias_set=
ac_cv_env_target_alias_value=
ac_cv_func_lstat_dereferences_slashed_symlink=yes
ac_cv_func_malloc_0_nonnull=yes
ac_cv_func_memmove=yes
ac_cv_func_realloc_0_nonnull=yes
ac_cv_func_stat_empty_string_bug=no
ac_cv_header_arpa_inet_h=yes
ac_cv_header_ctype_h=yes
ac_cv_header_dirent_dirent_h=yes
ac_cv_header_dirent_h=yes
ac_cv_header_errno_h=yes
ac_cv_header_inttypes_h=yes
ac_cv_header_json_c_json_h=yes
ac_cv_header_math_h=yes
ac_cv_header_netdb_h=yes
ac_cv_header_pthread_h=yes
ac_cv_header_signal_h=yes
ac_cv_header_stdbool_h=yes
ac_cv_header_stdint_h=yes
ac_cv_header_stdio_h=yes
ac_cv_header_stdlib_h=yes
ac_cv_header_string_h=yes
ac_cv_header_strings_h=yes
ac_cv_header_sys_socket_h=yes
ac_cv_header_sys_stat_h=yes
ac_cv_header_sys_types_h=yes
ac_cv_header_sys_wait_h=yes
ac_cv_header_time_h=yes
ac_cv_header_unistd_h=yes
ac_cv_host=x86_64-pc-linux-gnu
ac_cv_objext=o
ac_cv_path_install='/usr/bin/install -c'
ac_cv_path_mkdir=/usr/bin/mkdir
ac_cv_prog_AWK=mawk
ac_cv_prog_ac_ct_CC=gcc
ac_cv_prog_cc_c11=
ac_cv_prog_cc_g=yes
ac_cv_prog_cc_stdc=
ac_cv_prog_make_make_set=yes
ac_cv_search_opendir='none required'
ac_cv_type__Bool=yes
ac_cv_type_size_t=yes
ac_cv_type_ssize_t=yes
am_cv_CC_dependencies_compiler_type=gcc3
am_cv_make_support_nested_variables=yes
am_cv_prog_cc_c_o=yes

## ----------------- ##
## Output variables. ##
## ----------------- ##

ACLOCAL='${SHELL} '\''/root/almond-0.5.0/missing'\'' aclocal-1.16'
AMDEPBACKSLASH='\'
AMDEP_FALSE='#'
AMDEP_TRUE=''
AMTAR='$${TAR-tar}'
AM_BACKSLASH='\'
AM_DEFAULT_V='$(AM_DEFAULT_VERBOSITY)'
AM_DEFAULT_VERBOSITY='1'
AM_V='$(V)'
AUTOCONF='${SHELL} '\''/root/almond-0.5.0/missing'\'' autoconf'
AUTOHEADER='${SHELL} '\''/root/almond-0.5.0/missing'\'' autoheader'
AUTOMAKE='${SHELL} '\''/root/almond-0.5.0/missing'\'' automake-1.16'
AWK='mawk'
CC='gcc'
CCDEPMODE='depmode=gcc3'
CFLAGS='-g -O2'
CPPFLAGS=''
CSCOPE='cscope'
CTAGS='ctags'
CYGPATH_W='echo'
DEFS='-DPACKAGE_NAME=\"almond\" -DPACKAGE_TARNAME=\"almond\" -DPACKAGE_VERSION=\"0.4.1\" -DPACKAGE_STRING=\"almond\ 0.4.1\" -DPACKAGE_BUGREPORT=\"andreas72.lindell@gmail.com\" -DPACKAGE_URL=\"\" -DPACKAGE=\"almond\" -DVERSION=\"0.4.1\" -DHAVE_DIRENT_H=1 -DHAVE_SYS_WAIT_H=1 -DHAVE_STDIO_H=1 -DHAVE_STDLIB_H=1 -DHAVE_STRING_H=1 -DHAVE_INTTYPES_H=1 -DHAVE_STDINT_H=1 -DHAVE_STRINGS_H=1 -DHAVE_SYS_STAT_H=1 -DHAVE_SYS_TYPES_H=1 -DHAVE_UNISTD_H=1 -DSTDC_HEADERS=1 -DHAVE_ARPA_INET_H=1 -DHAVE_SYS_SOCKET_H=1 -DHAVE_SYS_TYPES_H=1 -DHAVE_SYS_STAT_H=1 -DHAVE_MATH_H=1 -DHAVE_SIGNAL_H=1 -DHAVE_PTHREAD_H=1 -DHAVE_TIME_H=1 -DHAVE_NETDB_H=1 -DHAVE_UNISTD_H=1 -DHAVE_CTYPE_H=1 -DHAVE_STRING_H=1 -DHAVE_ERRNO_H=1 -DHAVE_DIRENT_H=1 -DHAVE_STDLIB_H=1 -DHAVE_STDIO_H=1 -DHAVE_JSON_C_JSON_H=1 -DHAVE__BOOL=1 -DHAVE_STDBOOL_H=1 -DHAVE_MALLOC=1 -DHAVE_REALLOC=1 -DLSTAT_FOLLOWS_SLASHED_SYMLINK=1 -DHAVE_MEMMOVE=1'
DEPDIR='.deps'
ECHO_C=''
ECHO_N='-n'
ECHO_T=''
ETAGS='etags'
EXEEXT=''
INSTALL_DATA='${INSTALL} -m 644'
INSTALL_PROGRAM='${INSTALL}'
INSTALL_SCRIPT='${INSTALL}'
INSTALL_STRIP_PROGRAM='$(install_sh) -c -s'
LDFLAGS=''
LIBOBJS=''
LIBS=''
LTLIBOBJS=''
MAKEINFO='${SHELL} '\''/root/almond-0.5.0/missing'\'' makeinfo'
MKDIR_P='/usr/bin/mkdir -p'
OBJEXT='o'
PACKAGE='almond'
PACKAGE_BUGREPORT='andreas72.lindell@gmail.com'
PACKAGE_NAME='almond'
PACKAGE_STRING='almond 0.4.1'
PACKAGE_TARNAME='almond'
PACKAGE_URL=''
PACKAGE_VERSION='0.4.1'
PATH_SEPARATOR=':'
SET_MAKE=''
SHELL='/bin/bash'
STRIP=''
VERSION='0.4.1'
ac_ct_CC='gcc'
am__EXEEXT_FALSE=''
am__EXEEXT_TRUE='#'
am__fastdepCC_FALSE='#'
am__fastdepCC_TRUE=''
am__include='include'
am__isrc=''
am__leading_dot='.'
am__nodep='_no'
am__quote=''
am__tar='$${TAR-tar} chof - "$$tardir"'
am__untar='$${TAR-tar} xf -'
bindir='${exec_prefix}/bin'
build='x86_64-pc-linux-gnu'
build_alias=''
build_cpu='x86_64'
build_os='linux-gnu'
build_vendor='pc'
datadir='${datarootdir}'
datarootdir='${prefix}/share'
docdir='${datarootdir}/doc/${PACKAGE_TARNAME}'
dvidir='${docdir}'
exec_prefix='${prefix}'
host='x86_64-pc-linux-gnu'
host_alias=''
host_cpu='x86_64'
host_os='linux-gnu'
host_vendor='pc'
htmldir='${docdir}'
includedir='${prefix}/include'
infodir='${datarootdir}/info'
install_sh='${SHELL} /root/almond-0.5.0/install-sh'
libdir='${exec_prefix}/lib'
libexecdir='${exec_prefix}/libexec'
localedir='${datarootdir}/locale'
localstatedir='${prefix}/var'
mandir='${datarootdir}/man'
mkdir_p='$(MKDIR_P)'
oldincludedir='/usr/include'
pdfdir='${docdir}'
prefix='/opt/almond'
program_transform_name='s,x,x,'
psdir='${docdir}'
runstatedir='${localstatedir}/run'
sbindir='${exec_prefix}/sbin'
sharedstatedir='${prefix}/com'
sysconfdir='${prefix}/etc'
target_alias=''

## ----------- ##
## confdefs.h. ##
## ----------- ##

/* confdefs.h */
#define PACKAGE_NAME "almond"
#define PACKAGE_TARNAME "almond"
#define PACKAGE_VERSION "0.4.1"
#define PACKAGE_STRING "almond 0.4.1"
#define PACKAGE_BUGREPORT "andreas72.lindell@gmail.com"
#define PACKAGE_URL ""
#define PACKAGE "almond"
#define VERSION "0.4.1"
#define HAVE_DIRENT_H 1
#define HAVE_SYS_WAIT_H 1
#define HAVE_STDIO_H 1
#define HAVE_STDLIB_H 1
#define HAVE_STRING_H 1
#define HAVE_INTTYPES_H 1
#define HAVE_STDINT_H 1
#define HAVE_STRINGS_H 1
#define HAVE_SYS_STAT_H 1
#define HAVE_SYS_TYPES_H 1
#define HAVE_UNISTD_H 1
#define STDC_HEADERS 1
#define HAVE_ARPA_INET_H 1
#define HAVE_SYS_SOCKET_H 1
#define HAVE_SYS_TYPES_H 1
#define HAVE_SYS_STAT_H 1
#define HAVE_MATH_H 1
#define HAVE_SIGNAL_H 1
#define HAVE_PTHREAD_H 1
#define HAVE_TIME_H 1
#define HAVE_NETDB_H 1
#define HAVE_UNISTD_H 1
#define HAVE_CTYPE_H 1
#define HAVE_STRING_H 1
#define HAVE_ERRNO_H 1
#define HAVE_DIRENT_H 1
#define HAVE_STDLIB_H 1
#define HAVE_STDIO_H 1
#define HAVE_JSON_C_JSON_H 1
#define HAVE__BOOL 1
#define HAVE_STDBOOL_H 1
#define HAVE_MALLOC 1
#define HAVE_REALLOC 1
#define LSTAT_FOLLOWS_SLASHED_SYMLINK 1
#define HAVE_MEMMOVE 1

configure: exit 0
